{"numFailedTestSuites":0,"numFailedTests":0,"numPassedTestSuites":7,"numPassedTests":20,"numPendingTestSuites":0,"numPendingTests":0,"numRuntimeErrorTestSuites":0,"numTodoTests":0,"numTotalTestSuites":7,"numTotalTests":20,"openHandles":[],"snapshot":{"added":0,"didUpdate":false,"failure":false,"filesAdded":0,"filesRemoved":0,"filesRemovedList":[],"filesUnmatched":0,"filesUpdated":0,"matched":0,"total":0,"unchecked":0,"uncheckedKeysByFile":[],"unmatched":0,"updated":0},"startTime":1753682689442,"success":true,"testResults":[{"assertionResults":[{"ancestorTitles":["Dashboard"],"failureMessages":[],"fullName":"Dashboard renders the dashboard welcome","location":null,"status":"passed","title":"renders the dashboard welcome"}],"endTime":1753682693129,"message":"","name":"/home/coder/project/workspace/question_generation_service/solutions/46a7ff49-6138-4f66-92d7-5ba00bc59030/reactapp/src/components/Dashboard.test.js","startTime":1753682690650,"status":"passed","summary":""},{"assertionResults":[{"ancestorTitles":["UserList component"],"failureMessages":[],"fullName":"UserList component displays loading and users, filter works","location":null,"status":"passed","title":"displays loading and users, filter works"},{"ancestorTitles":["UserList component"],"failureMessages":[],"fullName":"UserList component displays error and empty state","location":null,"status":"passed","title":"displays error and empty state"},{"ancestorTitles":["UserList component"],"failureMessages":[],"fullName":"UserList component shows empty state if no users","location":null,"status":"passed","title":"shows empty state if no users"}],"endTime":1753682693275,"message":"","name":"/home/coder/project/workspace/question_generation_service/solutions/46a7ff49-6138-4f66-92d7-5ba00bc59030/reactapp/src/components/UserList.test.js","startTime":1753682690558,"status":"passed","summary":""},{"assertionResults":[{"ancestorTitles":["WorkoutPlanList component"],"failureMessages":[],"fullName":"WorkoutPlanList component renders plans and filter","location":null,"status":"passed","title":"renders plans and filter"},{"ancestorTitles":["WorkoutPlanList component"],"failureMessages":[],"fullName":"WorkoutPlanList component displays error and empty","location":null,"status":"passed","title":"displays error and empty"},{"ancestorTitles":["WorkoutPlanList component"],"failureMessages":[],"fullName":"WorkoutPlanList component shows empty if no plans","location":null,"status":"passed","title":"shows empty if no plans"}],"endTime":1753682693359,"message":"","name":"/home/coder/project/workspace/question_generation_service/solutions/46a7ff49-6138-4f66-92d7-5ba00bc59030/reactapp/src/components/WorkoutPlanList.test.js","startTime":1753682690513,"status":"passed","summary":""},{"assertionResults":[{"ancestorTitles":["UserDetail"],"failureMessages":[],"fullName":"UserDetail renders member details and progress","location":null,"status":"passed","title":"renders member details and progress"},{"ancestorTitles":["UserDetail"],"failureMessages":[],"fullName":"UserDetail renders trainer details and does not show progress","location":null,"status":"passed","title":"renders trainer details and does not show progress"},{"ancestorTitles":["UserDetail"],"failureMessages":[],"fullName":"UserDetail renders error and empty state","location":null,"status":"passed","title":"renders error and empty state"},{"ancestorTitles":["UserDetail"],"failureMessages":[],"fullName":"UserDetail shows \"No assigned plans\" if no progress","location":null,"status":"passed","title":"shows \"No assigned plans\" if no progress"}],"endTime":1753682693423,"message":"","name":"/home/coder/project/workspace/question_generation_service/solutions/46a7ff49-6138-4f66-92d7-5ba00bc59030/reactapp/src/components/UserDetail.test.js","startTime":1753682690537,"status":"passed","summary":""},{"assertionResults":[{"ancestorTitles":["App routing"],"failureMessages":[],"fullName":"App routing renders dashboard by default","location":null,"status":"passed","title":"renders dashboard by default"},{"ancestorTitles":["App routing"],"failureMessages":[],"fullName":"App routing renders user list route","location":null,"status":"passed","title":"renders user list route"},{"ancestorTitles":["App routing"],"failureMessages":[],"fullName":"App routing renders workout plan list route","location":null,"status":"passed","title":"renders workout plan list route"}],"endTime":1753682693456,"message":"","name":"/home/coder/project/workspace/question_generation_service/solutions/46a7ff49-6138-4f66-92d7-5ba00bc59030/reactapp/src/App.test.js","startTime":1753682690577,"status":"passed","summary":""},{"assertionResults":[{"ancestorTitles":["ProgressTracker"],"failureMessages":[],"fullName":"ProgressTracker shows progress bars and update button","location":null,"status":"passed","title":"shows progress bars and update button"},{"ancestorTitles":["ProgressTracker"],"failureMessages":[],"fullName":"ProgressTracker shows empty state","location":null,"status":"passed","title":"shows empty state"},{"ancestorTitles":["ProgressTracker"],"failureMessages":[],"fullName":"ProgressTracker shows error","location":null,"status":"passed","title":"shows error"}],"endTime":1753682693498,"message":"","name":"/home/coder/project/workspace/question_generation_service/solutions/46a7ff49-6138-4f66-92d7-5ba00bc59030/reactapp/src/components/ProgressTracker.test.js","startTime":1753682690556,"status":"passed","summary":""},{"assertionResults":[{"ancestorTitles":["WorkoutPlanDetail"],"failureMessages":[],"fullName":"WorkoutPlanDetail renders plan and exercises","location":null,"status":"passed","title":"renders plan and exercises"},{"ancestorTitles":["WorkoutPlanDetail"],"failureMessages":[],"fullName":"WorkoutPlanDetail renders error and empty states","location":null,"status":"passed","title":"renders error and empty states"},{"ancestorTitles":["WorkoutPlanDetail"],"failureMessages":[],"fullName":"WorkoutPlanDetail shows empty exercise list","location":null,"status":"passed","title":"shows empty exercise list"}],"endTime":1753682693528,"message":"","name":"/home/coder/project/workspace/question_generation_service/solutions/46a7ff49-6138-4f66-92d7-5ba00bc59030/reactapp/src/components/WorkoutPlanDetail.test.js","startTime":1753682690615,"status":"passed","summary":""}],"wasInterrupted":false}